[2018-02-25 14:24:59,361]   INFO -  jetbrains.buildServer.STARTUP - Path to the startup configuration file: /opt/teamcity/bin/../conf/teamcity-startup.properties 
[2018-02-25 14:24:59,472]   INFO -  jetbrains.buildServer.STARTUP - 





 
[2018-02-25 14:24:59,476]   INFO -  jetbrains.buildServer.STARTUP - =========================================================== 
[2018-02-25 14:24:59,477]   INFO -  jetbrains.buildServer.STARTUP - Starting TeamCity server 
[2018-02-25 14:24:59,967]   INFO -  jetbrains.buildServer.STARTUP - TeamCity version: 2017.2.2 (build 50909), data format version 829 
[2018-02-25 14:24:59,972]   INFO -  jetbrains.buildServer.STARTUP - OS: Linux, version 4.9.60-linuxkit-aufs, amd64, Current user: root, Time zone: UTC 
[2018-02-25 14:24:59,973]   INFO -  jetbrains.buildServer.STARTUP - Java: 1.8.0_161, Java HotSpot(TM) 64-Bit Server VM (25.161-b12, mixed mode), Java(TM) SE Runtime Environment (1.8.0_161-b12), Oracle Corporation; JVM parameters: -Djava.util.logging.config.file=/opt/teamcity/conf/logging.properties -Djava.util.logging.manager=org.apache.juli.ClassLoaderLogManager -Djdk.tls.ephemeralDHKeySize=2048 -Djava.protocol.handler.pkgs=org.apache.catalina.webresources -Xmx512m -Dteamcity.configuration.path=../conf/teamcity-startup.properties -Dlog4j.configuration=file:/opt/teamcity/bin/../conf/teamcity-server-log4j.xml -Dteamcity_logs=/opt/teamcity/bin/../logs -Djava.awt.headless=true -Dcatalina.base=/opt/teamcity -Dcatalina.home=/opt/teamcity -Djava.io.tmpdir=/opt/teamcity/temp 
[2018-02-25 14:24:59,973]   INFO -  jetbrains.buildServer.STARTUP - Garbage collection: PS Scavenge, PS MarkSweep 
[2018-02-25 14:24:59,975]   INFO -  jetbrains.buildServer.STARTUP - Web server version: Apache Tomcat/8.5.23 
[2018-02-25 14:24:59,976]   INFO -  jetbrains.buildServer.STARTUP - Server IP address: 172.17.0.2 
[2018-02-25 14:24:59,988]   INFO -  jetbrains.buildServer.STARTUP - Web server ports: 8111 (protocol: HTTP/1.1, scheme: http), 8105 (shutdown port) 
[2018-02-25 14:24:59,989]   INFO -  jetbrains.buildServer.STARTUP - Context path: "/", servlet real path: "/opt/teamcity/webapps/ROOT" 
[2018-02-25 14:24:59,990]   INFO -  jetbrains.buildServer.STARTUP - TeamCity distribution type: docker 
[2018-02-25 14:24:59,991]   INFO -  jetbrains.buildServer.STARTUP - TeamCity server work mode: Main TeamCity Server 
[2018-02-25 14:24:59,997]   INFO -  jetbrains.buildServer.STARTUP - Version file lock was successfully obtained: /opt/teamcity/webapps/ROOT/BUILD_50909 
[2018-02-25 14:25:00,016]   INFO -  jetbrains.buildServer.STARTUP - Current stage: Looking for the TeamCity Data Directory 
[2018-02-25 14:25:00,017]   INFO -  jetbrains.buildServer.STARTUP - The TeamCity Data Directory path is determined using the environment variable TEAMCITY_DATA_PATH 
[2018-02-25 14:25:00,027]   INFO -  jetbrains.buildServer.STARTUP - The TeamCity Data Directory "/data/teamcity_server/datadir" exists 
[2018-02-25 14:25:00,029]   INFO -  jetbrains.buildServer.STARTUP - Asking user to confirm first start with the predefined TeamCity Data Directory path 
[2018-02-25 14:25:00,051]   INFO -  jetbrains.buildServer.STARTUP - Startup confirmation is required. Open TeamCity web page in the browser. Server is running at http://localhost:8111 
[2018-02-25 14:25:00,052]   INFO -  jetbrains.buildServer.STARTUP - Current stage: Confirming TeamCity first start (administrator login is required to proceed) 
[2018-02-25 14:28:02,178]   INFO -  jetbrains.buildServer.STARTUP - Server shutdown event received 
[2018-02-25 14:28:02,178]   INFO -  jetbrains.buildServer.STARTUP - Current stage: TeamCity server is shutting down 
[2018-02-25 14:28:02,179]   INFO -  jetbrains.buildServer.STARTUP - Stopping the main application 
[2018-02-25 14:28:02,180]   INFO -  jetbrains.buildServer.STARTUP - The main servlet is not initialized, nothing to shut down. 
[2018-02-25 14:28:02,181]   INFO -  jetbrains.buildServer.STARTUP - Version file lock was released: /opt/teamcity/webapps/ROOT/BUILD_50909 
[2018-02-25 14:28:02,181]   INFO -  jetbrains.buildServer.STARTUP - Server shutdown complete 
[2018-02-25 14:30:30,973]   INFO -  jetbrains.buildServer.STARTUP - Path to the startup configuration file: /opt/teamcity/bin/../conf/teamcity-startup.properties 
[2018-02-25 14:30:31,039]   INFO -  jetbrains.buildServer.STARTUP - 





 
[2018-02-25 14:30:31,043]   INFO -  jetbrains.buildServer.STARTUP - =========================================================== 
[2018-02-25 14:30:31,044]   INFO -  jetbrains.buildServer.STARTUP - Starting TeamCity server 
[2018-02-25 14:30:31,389]   INFO -  jetbrains.buildServer.STARTUP - TeamCity version: 2017.2.2 (build 50909), data format version 829 
[2018-02-25 14:30:31,407]   INFO -  jetbrains.buildServer.STARTUP - OS: Linux, version 4.9.60-linuxkit-aufs, amd64, Current user: root, Time zone: UTC 
[2018-02-25 14:30:31,407]   INFO -  jetbrains.buildServer.STARTUP - Java: 1.8.0_161, Java HotSpot(TM) 64-Bit Server VM (25.161-b12, mixed mode), Java(TM) SE Runtime Environment (1.8.0_161-b12), Oracle Corporation; JVM parameters: -Djava.util.logging.config.file=/opt/teamcity/conf/logging.properties -Djava.util.logging.manager=org.apache.juli.ClassLoaderLogManager -Djdk.tls.ephemeralDHKeySize=2048 -Djava.protocol.handler.pkgs=org.apache.catalina.webresources -Xmx512m -Dteamcity.configuration.path=../conf/teamcity-startup.properties -Dlog4j.configuration=file:/opt/teamcity/bin/../conf/teamcity-server-log4j.xml -Dteamcity_logs=/opt/teamcity/bin/../logs -Djava.awt.headless=true -Dcatalina.base=/opt/teamcity -Dcatalina.home=/opt/teamcity -Djava.io.tmpdir=/opt/teamcity/temp 
[2018-02-25 14:30:31,408]   INFO -  jetbrains.buildServer.STARTUP - Garbage collection: PS Scavenge, PS MarkSweep 
[2018-02-25 14:30:31,408]   INFO -  jetbrains.buildServer.STARTUP - Web server version: Apache Tomcat/8.5.23 
[2018-02-25 14:30:31,410]   INFO -  jetbrains.buildServer.STARTUP - Server IP address: 172.17.0.2 
[2018-02-25 14:30:31,413]   INFO -  jetbrains.buildServer.STARTUP - Web server ports: 8111 (protocol: HTTP/1.1, scheme: http), 8105 (shutdown port) 
[2018-02-25 14:30:31,413]   INFO -  jetbrains.buildServer.STARTUP - Context path: "/", servlet real path: "/opt/teamcity/webapps/ROOT" 
[2018-02-25 14:30:31,415]   INFO -  jetbrains.buildServer.STARTUP - TeamCity distribution type: docker 
[2018-02-25 14:30:31,416]   INFO -  jetbrains.buildServer.STARTUP - TeamCity server work mode: Main TeamCity Server 
[2018-02-25 14:30:31,420]   INFO -  jetbrains.buildServer.STARTUP - Version file lock was successfully obtained: /opt/teamcity/webapps/ROOT/BUILD_50909 
[2018-02-25 14:30:31,431]   INFO -  jetbrains.buildServer.STARTUP - Current stage: Looking for the TeamCity Data Directory 
[2018-02-25 14:30:31,432]   INFO -  jetbrains.buildServer.STARTUP - The TeamCity Data Directory path is determined using the environment variable TEAMCITY_DATA_PATH 
[2018-02-25 14:30:31,442]   INFO -  jetbrains.buildServer.STARTUP - The TeamCity Data Directory "/data/teamcity_server/datadir" exists 
[2018-02-25 14:30:31,444]   INFO -  jetbrains.buildServer.STARTUP - Asking user to confirm first start with the predefined TeamCity Data Directory path 
[2018-02-25 14:30:31,460]   INFO -  jetbrains.buildServer.STARTUP - Startup confirmation is required. Open TeamCity web page in the browser. Server is running at http://localhost:8111 
[2018-02-25 14:30:31,461]   INFO -  jetbrains.buildServer.STARTUP - Current stage: Confirming TeamCity first start (administrator login is required to proceed) 
